# JRE version: OpenJDK Runtime Environment Temurin-17.0.9+9 (17.0.9+9) (build 17.0.9+9)
# Java VM: OpenJDK 64-Bit Server VM Temurin-17.0.9+9 (17.0.9+9, mixed mode, tiered, compressed oops, compressed class ptrs, g1 gc, windows-amd64)
GC Precious Log:
 CPUs: 4 total, 4 available
 Memory: 8098M
 Large Page Support: Disabled
 NUMA Support: Disabled
 Compressed Oops: Enabled (32-bit)
 Heap Region Size: 1M
 Heap Min Capacity: 8M
 Heap Initial Capacity: 128M
 Heap Max Capacity: 2026M
 Pre-touch: Disabled
 Parallel Workers: 4
 Concurrent Workers: 1
 Concurrent Refinement Workers: 4
 Periodic GC: Disabled
Heap:
 garbage-first heap   total 211968K, used 58142K [0x0000000081600000, 0x0000000100000000)
  region size 1024K, 10 young (10240K), 10 survivors (10240K)
 Metaspace       used 43547K, committed 43968K, reserved 1114112K
  class space    used 4627K, committed 4864K, reserved 1048576K
GC Heap History (20 events):
Event: 2294.567 GC heap after
{Heap after GC invocations=133 (full 0):
 garbage-first heap   total 211968K, used 50431K [0x0000000081600000, 0x0000000100000000)
  region size 1024K, 10 young (10240K), 10 survivors (10240K)
 Metaspace       used 43211K, committed 43584K, reserved 1114112K
  class space    used 4611K, committed 4800K, reserved 1048576K
}
Event: 2358.426 GC heap before
{Heap before GC invocations=133 (full 0):
 garbage-first heap   total 211968K, used 166143K [0x0000000081600000, 0x0000000100000000)
  region size 1024K, 124 young (126976K), 10 survivors (10240K)
 Metaspace       used 43290K, committed 43712K, reserved 1114112K
  class space    used 4611K, committed 4800K, reserved 1048576K
}
Event: 2358.447 GC heap after
{Heap after GC invocations=134 (full 0):
 garbage-first heap   total 211968K, used 51342K [0x0000000081600000, 0x0000000100000000)
  region size 1024K, 9 young (9216K), 9 survivors (9216K)
 Metaspace       used 43290K, committed 43712K, reserved 1114112K
  class space    used 4611K, committed 4800K, reserved 1048576K
}
Event: 2424.100 GC heap before
{Heap before GC invocations=134 (full 0):
 garbage-first heap   total 211968K, used 168078K [0x0000000081600000, 0x0000000100000000)
  region size 1024K, 124 young (126976K), 9 survivors (9216K)
 Metaspace       used 43321K, committed 43712K, reserved 1114112K
  class space    used 4612K, committed 4800K, reserved 1048576K
}
Event: 2424.111 GC heap after
{Heap after GC invocations=135 (full 0):
 garbage-first heap   total 211968K, used 52094K [0x0000000081600000, 0x0000000100000000)
  region size 1024K, 9 young (9216K), 9 survivors (9216K)
 Metaspace       used 43321K, committed 43712K, reserved 1114112K
  class space    used 4612K, committed 4800K, reserved 1048576K
}
Event: 2501.293 GC heap before
{Heap before GC invocations=135 (full 0):
 garbage-first heap   total 211968K, used 169854K [0x0000000081600000, 0x0000000100000000)
  region size 1024K, 124 young (126976K), 9 survivors (9216K)
 Metaspace       used 43335K, committed 43712K, reserved 1114112K
  class space    used 4612K, committed 4800K, reserved 1048576K
}
Event: 2501.304 GC heap after
{Heap after GC invocations=136 (full 0):
 garbage-first heap   total 211968K, used 51861K [0x0000000081600000, 0x0000000100000000)
  region size 1024K, 8 young (8192K), 8 survivors (8192K)
 Metaspace       used 43335K, committed 43712K, reserved 1114112K
  class space    used 4612K, committed 4800K, reserved 1048576K
}
Event: 3029.709 GC heap before
{Heap before GC invocations=136 (full 0):
 garbage-first heap   total 211968K, used 169621K [0x0000000081600000, 0x0000000100000000)
  region size 1024K, 124 young (126976K), 8 survivors (8192K)
 Metaspace       used 43347K, committed 43712K, reserved 1114112K
  class space    used 4613K, committed 4800K, reserved 1048576K
}
Event: 3029.721 GC heap after
{Heap after GC invocations=137 (full 0):
 garbage-first heap   total 211968K, used 53274K [0x0000000081600000, 0x0000000100000000)
  region size 1024K, 10 young (10240K), 10 survivors (10240K)
 Metaspace       used 43347K, committed 43712K, reserved 1114112K
  class space    used 4613K, committed 4800K, reserved 1048576K
}
Event: 3168.702 GC heap before
{Heap before GC invocations=137 (full 0):
 garbage-first heap   total 211968K, used 170010K [0x0000000081600000, 0x0000000100000000)
  region size 1024K, 124 young (126976K), 10 survivors (10240K)
 Metaspace       used 43383K, committed 43840K, reserved 1114112K
  class space    used 4619K, committed 4864K, reserved 1048576K
}
Event: 3168.715 GC heap after
{Heap after GC invocations=138 (full 0):
 garbage-first heap   total 211968K, used 54138K [0x0000000081600000, 0x0000000100000000)
  region size 1024K, 9 young (9216K), 9 survivors (9216K)
 Metaspace       used 43383K, committed 43840K, reserved 1114112K
  class space    used 4619K, committed 4864K, reserved 1048576K
}
Event: 3169.329 GC heap before
{Heap before GC invocations=138 (full 0):
 garbage-first heap   total 211968K, used 171898K [0x0000000081600000, 0x0000000100000000)
  region size 1024K, 124 young (126976K), 9 survivors (9216K)
 Metaspace       used 43431K, committed 43840K, reserved 1114112K
  class space    used 4627K, committed 4864K, reserved 1048576K
}
Event: 3169.341 GC heap after
{Heap after GC invocations=139 (full 0):
 garbage-first heap   total 211968K, used 54545K [0x0000000081600000, 0x0000000100000000)
  region size 1024K, 9 young (9216K), 9 survivors (9216K)
 Metaspace       used 43431K, committed 43840K, reserved 1114112K
  class space    used 4627K, committed 4864K, reserved 1048576K
}
Event: 3169.802 GC heap before
{Heap before GC invocations=139 (full 0):
 garbage-first heap   total 211968K, used 172305K [0x0000000081600000, 0x0000000100000000)
  region size 1024K, 124 young (126976K), 9 survivors (9216K)
 Metaspace       used 43441K, committed 43904K, reserved 1114112K
  class space    used 4627K, committed 4864K, reserved 1048576K
}
Event: 3169.814 GC heap after
{Heap after GC invocations=140 (full 0):
 garbage-first heap   total 211968K, used 56165K [0x0000000081600000, 0x0000000100000000)
  region size 1024K, 10 young (10240K), 10 survivors (10240K)
 Metaspace       used 43441K, committed 43904K, reserved 1114112K
  class space    used 4627K, committed 4864K, reserved 1048576K
}
Event: 3170.340 GC heap before
{Heap before GC invocations=140 (full 0):
 garbage-first heap   total 211968K, used 172901K [0x0000000081600000, 0x0000000100000000)
  region size 1024K, 124 young (126976K), 10 survivors (10240K)
 Metaspace       used 43456K, committed 43904K, reserved 1114112K
  class space    used 4627K, committed 4864K, reserved 1048576K
}
Event: 3170.352 GC heap after
{Heap after GC invocations=141 (full 0):
 garbage-first heap   total 211968K, used 56451K [0x0000000081600000, 0x0000000100000000)
  region size 1024K, 9 young (9216K), 9 survivors (9216K)
 Metaspace       used 43456K, committed 43904K, reserved 1114112K
  class space    used 4627K, committed 4864K, reserved 1048576K
}
Event: 3170.964 GC heap before
{Heap before GC invocations=141 (full 0):
 garbage-first heap   total 211968K, used 174211K [0x0000000081600000, 0x0000000100000000)
  region size 1024K, 124 young (126976K), 9 survivors (9216K)
 Metaspace       used 43513K, committed 43968K, reserved 1114112K
  class space    used 4627K, committed 4864K, reserved 1048576K
}
Event: 3170.976 GC heap after
{Heap after GC invocations=142 (full 0):
 garbage-first heap   total 211968K, used 56568K [0x0000000081600000, 0x0000000100000000)
  region size 1024K, 9 young (9216K), 9 survivors (9216K)
 Metaspace       used 43513K, committed 43968K, reserved 1114112K
  class space    used 4627K, committed 4864K, reserved 1048576K
}
Event: 3171.468 GC heap before
{Heap before GC invocations=142 (full 0):
 garbage-first heap   total 211968K, used 174328K [0x0000000081600000, 0x0000000100000000)
  region size 1024K, 124 young (126976K), 9 survivors (9216K)
 Metaspace       used 43547K, committed 43968K, reserved 1114112K
  class space    used 4627K, committed 4864K, reserved 1048576K
}

