# JRE version: OpenJDK Runtime Environment Temurin-17.0.9+9 (17.0.9+9) (build 17.0.9+9)
# Java VM: OpenJDK 64-Bit Server VM Temurin-17.0.9+9 (17.0.9+9, mixed mode, tiered, compressed oops, compressed class ptrs, g1 gc, windows-amd64)
GC Precious Log:
 CPUs: 4 total, 4 available
 Memory: 8098M
 Large Page Support: Disabled
 NUMA Support: Disabled
 Compressed Oops: Enabled (32-bit)
 Heap Region Size: 1M
 Heap Min Capacity: 8M
 Heap Initial Capacity: 128M
 Heap Max Capacity: 2026M
 Pre-touch: Disabled
 Parallel Workers: 4
 Concurrent Workers: 1
 Concurrent Refinement Workers: 4
 Periodic GC: Disabled
Heap:
 garbage-first heap   total 75776K, used 47591K [0x0000000081600000, 0x0000000100000000)
  region size 1024K, 1 young (1024K), 1 survivors (1024K)
 Metaspace       used 43452K, committed 43904K, reserved 1114112K
  class space    used 4631K, committed 4864K, reserved 1048576K
GC Heap History (20 events):
Event: 2286.424 GC heap after
{Heap after GC invocations=209 (full 0):
 garbage-first heap   total 75776K, used 47691K [0x0000000081600000, 0x0000000100000000)
  region size 1024K, 2 young (2048K), 2 survivors (2048K)
 Metaspace       used 43409K, committed 43840K, reserved 1114112K
  class space    used 4625K, committed 4864K, reserved 1048576K
}
Event: 2300.197 GC heap before
{Heap before GC invocations=209 (full 0):
 garbage-first heap   total 75776K, used 62027K [0x0000000081600000, 0x0000000100000000)
  region size 1024K, 17 young (17408K), 2 survivors (2048K)
 Metaspace       used 43409K, committed 43840K, reserved 1114112K
  class space    used 4625K, committed 4864K, reserved 1048576K
}
Event: 2300.199 GC heap after
{Heap after GC invocations=210 (full 0):
 garbage-first heap   total 75776K, used 47268K [0x0000000081600000, 0x0000000100000000)
  region size 1024K, 2 young (2048K), 2 survivors (2048K)
 Metaspace       used 43409K, committed 43840K, reserved 1114112K
  class space    used 4625K, committed 4864K, reserved 1048576K
}
Event: 2313.527 GC heap before
{Heap before GC invocations=210 (full 0):
 garbage-first heap   total 75776K, used 61604K [0x0000000081600000, 0x0000000100000000)
  region size 1024K, 17 young (17408K), 2 survivors (2048K)
 Metaspace       used 43410K, committed 43840K, reserved 1114112K
  class space    used 4625K, committed 4864K, reserved 1048576K
}
Event: 2313.528 GC heap after
{Heap after GC invocations=211 (full 0):
 garbage-first heap   total 75776K, used 46669K [0x0000000081600000, 0x0000000100000000)
  region size 1024K, 1 young (1024K), 1 survivors (1024K)
 Metaspace       used 43410K, committed 43840K, reserved 1114112K
  class space    used 4625K, committed 4864K, reserved 1048576K
}
Event: 2313.554 GC heap before
{Heap before GC invocations=211 (full 0):
 garbage-first heap   total 75776K, used 63053K [0x0000000081600000, 0x0000000100000000)
  region size 1024K, 17 young (17408K), 1 survivors (1024K)
 Metaspace       used 43410K, committed 43840K, reserved 1114112K
  class space    used 4625K, committed 4864K, reserved 1048576K
}
Event: 2313.557 GC heap after
{Heap after GC invocations=212 (full 0):
 garbage-first heap   total 75776K, used 48178K [0x0000000081600000, 0x0000000100000000)
  region size 1024K, 2 young (2048K), 2 survivors (2048K)
 Metaspace       used 43410K, committed 43840K, reserved 1114112K
  class space    used 4625K, committed 4864K, reserved 1048576K
}
Event: 2577.618 GC heap before
{Heap before GC invocations=212 (full 0):
 garbage-first heap   total 75776K, used 63538K [0x0000000081600000, 0x0000000100000000)
  region size 1024K, 17 young (17408K), 2 survivors (2048K)
 Metaspace       used 43414K, committed 43840K, reserved 1114112K
  class space    used 4625K, committed 4864K, reserved 1048576K
}
Event: 2577.620 GC heap after
{Heap after GC invocations=213 (full 0):
 garbage-first heap   total 75776K, used 47581K [0x0000000081600000, 0x0000000100000000)
  region size 1024K, 2 young (2048K), 2 survivors (2048K)
 Metaspace       used 43414K, committed 43840K, reserved 1114112K
  class space    used 4625K, committed 4864K, reserved 1048576K
}
Event: 2603.374 GC heap before
{Heap before GC invocations=213 (full 0):
 garbage-first heap   total 75776K, used 61917K [0x0000000081600000, 0x0000000100000000)
  region size 1024K, 17 young (17408K), 2 survivors (2048K)
 Metaspace       used 43420K, committed 43840K, reserved 1114112K
  class space    used 4625K, committed 4864K, reserved 1048576K
}
Event: 2603.376 GC heap after
{Heap after GC invocations=214 (full 0):
 garbage-first heap   total 75776K, used 47132K [0x0000000081600000, 0x0000000100000000)
  region size 1024K, 1 young (1024K), 1 survivors (1024K)
 Metaspace       used 43420K, committed 43840K, reserved 1114112K
  class space    used 4625K, committed 4864K, reserved 1048576K
}
Event: 2603.406 GC heap before
{Heap before GC invocations=214 (full 0):
 garbage-first heap   total 75776K, used 63516K [0x0000000081600000, 0x0000000100000000)
  region size 1024K, 17 young (17408K), 1 survivors (1024K)
 Metaspace       used 43420K, committed 43840K, reserved 1114112K
  class space    used 4625K, committed 4864K, reserved 1048576K
}
Event: 2603.409 GC heap after
{Heap after GC invocations=215 (full 0):
 garbage-first heap   total 75776K, used 48514K [0x0000000081600000, 0x0000000100000000)
  region size 1024K, 2 young (2048K), 2 survivors (2048K)
 Metaspace       used 43420K, committed 43840K, reserved 1114112K
  class space    used 4625K, committed 4864K, reserved 1048576K
}
Event: 2658.530 GC heap before
{Heap before GC invocations=215 (full 0):
 garbage-first heap   total 75776K, used 63874K [0x0000000081600000, 0x0000000100000000)
  region size 1024K, 17 young (17408K), 2 survivors (2048K)
 Metaspace       used 43424K, committed 43840K, reserved 1114112K
  class space    used 4625K, committed 4864K, reserved 1048576K
}
Event: 2658.532 GC heap after
{Heap after GC invocations=216 (full 0):
 garbage-first heap   total 75776K, used 47974K [0x0000000081600000, 0x0000000100000000)
  region size 1024K, 2 young (2048K), 2 survivors (2048K)
 Metaspace       used 43424K, committed 43840K, reserved 1114112K
  class space    used 4625K, committed 4864K, reserved 1048576K
}
Event: 2658.613 GC heap before
{Heap before GC invocations=216 (full 0):
 garbage-first heap   total 75776K, used 63334K [0x0000000081600000, 0x0000000100000000)
  region size 1024K, 17 young (17408K), 2 survivors (2048K)
 Metaspace       used 43451K, committed 43904K, reserved 1114112K
  class space    used 4631K, committed 4864K, reserved 1048576K
}
Event: 2658.615 GC heap after
{Heap after GC invocations=217 (full 0):
 garbage-first heap   total 75776K, used 47739K [0x0000000081600000, 0x0000000100000000)
  region size 1024K, 1 young (1024K), 1 survivors (1024K)
 Metaspace       used 43451K, committed 43904K, reserved 1114112K
  class space    used 4631K, committed 4864K, reserved 1048576K
}
Event: 2658.704 GC heap before
{Heap before GC invocations=217 (full 0):
 garbage-first heap   total 75776K, used 64123K [0x0000000081600000, 0x0000000100000000)
  region size 1024K, 17 young (17408K), 1 survivors (1024K)
 Metaspace       used 43452K, committed 43904K, reserved 1114112K
  class space    used 4631K, committed 4864K, reserved 1048576K
}
Event: 2658.705 GC heap after
{Heap after GC invocations=218 (full 0):
 garbage-first heap   total 75776K, used 47679K [0x0000000081600000, 0x0000000100000000)
  region size 1024K, 1 young (1024K), 1 survivors (1024K)
 Metaspace       used 43452K, committed 43904K, reserved 1114112K
  class space    used 4631K, committed 4864K, reserved 1048576K
}
Event: 2658.798 GC heap before
{Heap before GC invocations=218 (full 0):
 garbage-first heap   total 75776K, used 64063K [0x0000000081600000, 0x0000000100000000)
  region size 1024K, 17 young (17408K), 1 survivors (1024K)
 Metaspace       used 43452K, committed 43904K, reserved 1114112K
  class space    used 4631K, committed 4864K, reserved 1048576K
}

