<?xml version="1.0" encoding="UTF-8"?>
<!-- Generated by org.testng.reporters.JUnitReportReporter -->
<testsuite hostname="CISM-I-330" failures="1" tests="321" name="testrunners.TestRunner" time="3800.630" errors="1" timestamp="23 Feb 2024 09:55:59 GMT" skipped="0">
  <testcase classname="testrunners.TestRunner" name="runScenario" time="18.295"/>
  <testcase classname="testrunners.TestRunner" name="runScenario" time="13.476"/>
  <testcase classname="testrunners.TestRunner" name="runScenario" time="10.788"/>
  <testcase classname="testrunners.TestRunner" name="runScenario" time="11.833"/>
  <testcase classname="testrunners.TestRunner" name="runScenario" time="10.170"/>
  <testcase classname="testrunners.TestRunner" name="runScenario" time="7.720"/>
  <testcase classname="testrunners.TestRunner" name="runScenario" time="12.230"/>
  <testcase classname="testrunners.TestRunner" name="runScenario" time="7.007"/>
  <testcase classname="testrunners.TestRunner" name="runScenario" time="12.655"/>
  <testcase classname="testrunners.TestRunner" name="runScenario" time="12.502"/>
  <testcase classname="testrunners.TestRunner" name="runScenario" time="16.080"/>
  <testcase classname="testrunners.TestRunner" name="runScenario" time="12.386"/>
  <testcase classname="testrunners.TestRunner" name="runScenario" time="12.550"/>
  <testcase classname="testrunners.TestRunner" name="runScenario" time="10.658"/>
  <testcase classname="testrunners.TestRunner" name="runScenario" time="9.636"/>
  <testcase classname="testrunners.TestRunner" name="runScenario" time="12.123"/>
  <testcase classname="testrunners.TestRunner" name="runScenario" time="17.287"/>
  <testcase classname="testrunners.TestRunner" name="runScenario" time="11.333"/>
  <testcase classname="testrunners.TestRunner" name="runScenario" time="11.198"/>
  <testcase classname="testrunners.TestRunner" name="runScenario" time="11.498"/>
  <testcase classname="testrunners.TestRunner" name="runScenario" time="13.935"/>
  <testcase classname="testrunners.TestRunner" name="runScenario" time="12.333"/>
  <testcase classname="testrunners.TestRunner" name="runScenario" time="20.815"/>
  <testcase classname="testrunners.TestRunner" name="runScenario" time="13.561"/>
  <testcase classname="testrunners.TestRunner" name="runScenario" time="10.893"/>
  <testcase classname="testrunners.TestRunner" name="runScenario" time="11.808"/>
  <testcase classname="testrunners.TestRunner" name="runScenario" time="13.275"/>
  <testcase classname="testrunners.TestRunner" name="runScenario" time="14.183"/>
  <testcase classname="testrunners.TestRunner" name="runScenario" time="11.268"/>
  <testcase classname="testrunners.TestRunner" name="runScenario" time="12.612"/>
  <testcase classname="testrunners.TestRunner" name="runScenario" time="8.700"/>
  <testcase classname="testrunners.TestRunner" name="runScenario" time="14.726"/>
  <testcase classname="testrunners.TestRunner" name="runScenario" time="9.618"/>
  <testcase classname="testrunners.TestRunner" name="runScenario" time="10.462"/>
  <testcase classname="testrunners.TestRunner" name="runScenario" time="10.767"/>
  <testcase classname="testrunners.TestRunner" name="runScenario" time="14.514"/>
  <testcase classname="testrunners.TestRunner" name="runScenario" time="8.282"/>
  <testcase classname="testrunners.TestRunner" name="runScenario" time="5.720"/>
  <testcase classname="testrunners.TestRunner" name="runScenario" time="6.216"/>
  <testcase classname="testrunners.TestRunner" name="runScenario" time="12.579"/>
  <testcase classname="testrunners.TestRunner" name="runScenario" time="12.713"/>
  <testcase classname="testrunners.TestRunner" name="runScenario" time="11.695"/>
  <testcase classname="testrunners.TestRunner" name="runScenario" time="10.298"/>
  <testcase classname="testrunners.TestRunner" name="runScenario" time="13.866"/>
  <testcase classname="testrunners.TestRunner" name="runScenario" time="11.725"/>
  <testcase classname="testrunners.TestRunner" name="runScenario" time="10.301"/>
  <testcase classname="testrunners.TestRunner" name="runScenario" time="15.310"/>
  <testcase classname="testrunners.TestRunner" name="runScenario" time="12.390"/>
  <testcase classname="testrunners.TestRunner" name="runScenario" time="30.956">
    <error message="no such element: Unable to locate element: {&quot;method&quot;:&quot;xpath&quot;,&quot;selector&quot;:&quot;//div[@class=&#039;con-col-p&#039;]//span[contains(.,&#039;Test admin&#039;)]&quot;}
  (Session info: chrome=121.0.6167.187)
For documentation on this error, please visit: https://www.selenium.dev/documentation/webdriver/troubleshooting/errors#no-such-element-exception
Build info: version: &#039;4.17.0&#039;, revision: &#039;e52b1be057*&#039;
System info: os.name: &#039;Windows 10&#039;, os.arch: &#039;amd64&#039;, os.version: &#039;10.0&#039;, java.version: &#039;17.0.9&#039;
Driver info: org.openqa.selenium.chrome.ChromeDriver
Command: [15600cdf6b73cfeb6af6b69c344c4db4, findElement {value=//div[@class=&#039;con-col-p&#039;]//span[contains(.,&#039;Test admin&#039;)], using=xpath}]
Capabilities {acceptInsecureCerts: false, browserName: chrome, browserVersion: 121.0.6167.187, chrome: {chromedriverVersion: 121.0.6167.184 (057a8ae7deb..., userDataDir: C:\Users\cis\AppData\Local\...}, fedcm:accounts: true, goog:chromeOptions: {debuggerAddress: localhost:53577}, networkConnectionEnabled: false, pageLoadStrategy: normal, platformName: windows, proxy: Proxy(), se:cdp: ws://localhost:53577/devtoo..., se:cdpVersion: 121.0.6167.187, setWindowRect: true, strictFileInteractability: false, timeouts: {implicit: 0, pageLoad: 300000, script: 30000}, unhandledPromptBehavior: dismiss and notify, webauthn:extension:credBlob: true, webauthn:extension:largeBlob: true, webauthn:extension:minPinLength: true, webauthn:extension:prf: true, webauthn:virtualAuthenticators: true}
Session ID: 15600cdf6b73cfeb6af6b69c344c4db4" type="org.openqa.selenium.NoSuchElementException">
      <![CDATA[org.openqa.selenium.NoSuchElementException: no such element: Unable to locate element: {"method":"xpath","selector":"//div[@class='con-col-p']//span[contains(.,'Test admin')]"}
  (Session info: chrome=121.0.6167.187)
For documentation on this error, please visit: https://www.selenium.dev/documentation/webdriver/troubleshooting/errors#no-such-element-exception
Build info: version: '4.17.0', revision: 'e52b1be057*'
System info: os.name: 'Windows 10', os.arch: 'amd64', os.version: '10.0', java.version: '17.0.9'
Driver info: org.openqa.selenium.chrome.ChromeDriver
Command: [15600cdf6b73cfeb6af6b69c344c4db4, findElement {value=//div[@class='con-col-p']//span[contains(.,'Test admin')], using=xpath}]
Capabilities {acceptInsecureCerts: false, browserName: chrome, browserVersion: 121.0.6167.187, chrome: {chromedriverVersion: 121.0.6167.184 (057a8ae7deb..., userDataDir: C:\Users\cis\AppData\Local\...}, fedcm:accounts: true, goog:chromeOptions: {debuggerAddress: localhost:53577}, networkConnectionEnabled: false, pageLoadStrategy: normal, platformName: windows, proxy: Proxy(), se:cdp: ws://localhost:53577/devtoo..., se:cdpVersion: 121.0.6167.187, setWindowRect: true, strictFileInteractability: false, timeouts: {implicit: 0, pageLoad: 300000, script: 30000}, unhandledPromptBehavior: dismiss and notify, webauthn:extension:credBlob: true, webauthn:extension:largeBlob: true, webauthn:extension:minPinLength: true, webauthn:extension:prf: true, webauthn:virtualAuthenticators: true}
Session ID: 15600cdf6b73cfeb6af6b69c344c4db4
at java.base/jdk.internal.reflect.NativeConstructorAccessorImpl.newInstance0(Native Method)
at java.base/jdk.internal.reflect.NativeConstructorAccessorImpl.newInstance(NativeConstructorAccessorImpl.java:77)
at java.base/jdk.internal.reflect.DelegatingConstructorAccessorImpl.newInstance(DelegatingConstructorAccessorImpl.java:45)
at java.base/java.lang.reflect.Constructor.newInstanceWithCaller(Constructor.java:499)
at java.base/java.lang.reflect.Constructor.newInstance(Constructor.java:480)
at org.openqa.selenium.remote.codec.w3c.W3CHttpResponseCodec.createException(W3CHttpResponseCodec.java:185)
at org.openqa.selenium.remote.codec.w3c.W3CHttpResponseCodec.decode(W3CHttpResponseCodec.java:134)
at org.openqa.selenium.remote.codec.w3c.W3CHttpResponseCodec.decode(W3CHttpResponseCodec.java:51)
at org.openqa.selenium.remote.HttpCommandExecutor.execute(HttpCommandExecutor.java:190)
at org.openqa.selenium.remote.service.DriverCommandExecutor.invokeExecute(DriverCommandExecutor.java:216)
at org.openqa.selenium.remote.service.DriverCommandExecutor.execute(DriverCommandExecutor.java:174)
at org.openqa.selenium.remote.RemoteWebDriver.execute(RemoteWebDriver.java:519)
at org.openqa.selenium.remote.ElementLocation$ElementFinder$2.findElement(ElementLocation.java:165)
at org.openqa.selenium.remote.ElementLocation.findElement(ElementLocation.java:59)
at org.openqa.selenium.remote.RemoteWebDriver.findElement(RemoteWebDriver.java:356)
at org.openqa.selenium.remote.RemoteWebDriver.findElement(RemoteWebDriver.java:350)
at com.pages.CompaniesPage.getProfileStatus(CompaniesPage.java:3196)
at stepdefinitions.CompaniesSteps.user_should_be_able_to_navigate_to_user_profile(CompaniesSteps.java:2435)
at ✽.user should be able to navigate to user profile"Test admin"(file:///E:/Rahul%20Bhalla%20CIS/OntrackProjectBDD/OnTrack_BDD/src/test/resources/com/features/Companies.feature:1473)
]]>
    </error>
  </testcase> <!-- runScenario -->
  <testcase classname="testrunners.TestRunner" name="runScenario" time="12.244"/>
  <testcase classname="testrunners.TestRunner" name="runScenario" time="16.318"/>
  <testcase classname="testrunners.TestRunner" name="runScenario" time="8.143"/>
  <testcase classname="testrunners.TestRunner" name="runScenario" time="9.790"/>
  <testcase classname="testrunners.TestRunner" name="runScenario" time="9.804"/>
  <testcase classname="testrunners.TestRunner" name="runScenario" time="4.796"/>
  <testcase classname="testrunners.TestRunner" name="runScenario" time="6.869"/>
  <testcase classname="testrunners.TestRunner" name="runScenario" time="12.561"/>
  <testcase classname="testrunners.TestRunner" name="runScenario" time="6.231"/>
  <testcase classname="testrunners.TestRunner" name="runScenario" time="13.859"/>
  <testcase classname="testrunners.TestRunner" name="runScenario" time="13.005"/>
  <testcase classname="testrunners.TestRunner" name="runScenario" time="12.038"/>
  <testcase classname="testrunners.TestRunner" name="runScenario" time="15.180"/>
  <testcase classname="testrunners.TestRunner" name="runScenario" time="10.274"/>
  <testcase classname="testrunners.TestRunner" name="runScenario" time="10.481"/>
  <testcase classname="testrunners.TestRunner" name="runScenario" time="14.492"/>
  <testcase classname="testrunners.TestRunner" name="runScenario" time="12.237"/>
  <testcase classname="testrunners.TestRunner" name="runScenario" time="12.365"/>
  <testcase classname="testrunners.TestRunner" name="runScenario" time="13.242"/>
  <testcase classname="testrunners.TestRunner" name="runScenario" time="11.277"/>
  <testcase classname="testrunners.TestRunner" name="runScenario" time="6.157"/>
  <testcase classname="testrunners.TestRunner" name="runScenario" time="12.449"/>
  <testcase classname="testrunners.TestRunner" name="runScenario" time="19.046"/>
  <testcase classname="testrunners.TestRunner" name="runScenario" time="10.750"/>
  <testcase classname="testrunners.TestRunner" name="runScenario" time="12.865"/>
  <testcase classname="testrunners.TestRunner" name="runScenario" time="16.298"/>
  <testcase classname="testrunners.TestRunner" name="runScenario" time="15.505"/>
  <testcase classname="testrunners.TestRunner" name="runScenario" time="18.045"/>
  <testcase classname="testrunners.TestRunner" name="runScenario" time="10.631"/>
  <testcase classname="testrunners.TestRunner" name="runScenario" time="10.999"/>
  <testcase classname="testrunners.TestRunner" name="runScenario" time="10.268"/>
  <testcase classname="testrunners.TestRunner" name="runScenario" time="11.036"/>
  <testcase classname="testrunners.TestRunner" name="runScenario" time="9.435"/>
  <testcase classname="testrunners.TestRunner" name="runScenario" time="14.152"/>
  <testcase classname="testrunners.TestRunner" name="runScenario" time="8.504"/>
  <testcase classname="testrunners.TestRunner" name="runScenario" time="10.569"/>
  <testcase classname="testrunners.TestRunner" name="runScenario" time="11.495"/>
  <testcase classname="testrunners.TestRunner" name="runScenario" time="13.896"/>
  <testcase classname="testrunners.TestRunner" name="runScenario" time="9.572"/>
  <testcase classname="testrunners.TestRunner" name="runScenario" time="10.470"/>
  <testcase classname="testrunners.TestRunner" name="runScenario" time="8.207"/>
  <testcase classname="testrunners.TestRunner" name="runScenario" time="9.590"/>
  <testcase classname="testrunners.TestRunner" name="runScenario" time="11.026"/>
  <testcase classname="testrunners.TestRunner" name="runScenario" time="13.115"/>
  <testcase classname="testrunners.TestRunner" name="runScenario" time="12.547"/>
  <testcase classname="testrunners.TestRunner" name="runScenario" time="7.823"/>
  <testcase classname="testrunners.TestRunner" name="runScenario" time="14.570"/>
  <testcase classname="testrunners.TestRunner" name="runScenario" time="10.810"/>
  <testcase classname="testrunners.TestRunner" name="runScenario" time="11.405"/>
  <testcase classname="testrunners.TestRunner" name="runScenario" time="11.575"/>
  <testcase classname="testrunners.TestRunner" name="runScenario" time="9.756"/>
  <testcase classname="testrunners.TestRunner" name="runScenario" time="12.980"/>
  <testcase classname="testrunners.TestRunner" name="runScenario" time="16.325"/>
  <testcase classname="testrunners.TestRunner" name="runScenario" time="11.085"/>
  <testcase classname="testrunners.TestRunner" name="runScenario" time="5.642"/>
  <testcase classname="testrunners.TestRunner" name="runScenario" time="11.713"/>
  <testcase classname="testrunners.TestRunner" name="runScenario" time="6.418"/>
  <testcase classname="testrunners.TestRunner" name="runScenario" time="12.267"/>
  <testcase classname="testrunners.TestRunner" name="runScenario" time="10.544"/>
  <testcase classname="testrunners.TestRunner" name="runScenario" time="11.132"/>
  <testcase classname="testrunners.TestRunner" name="runScenario" time="24.336"/>
  <testcase classname="testrunners.TestRunner" name="runScenario" time="18.185"/>
  <testcase classname="testrunners.TestRunner" name="runScenario" time="11.665"/>
  <testcase classname="testrunners.TestRunner" name="runScenario" time="7.501"/>
  <testcase classname="testrunners.TestRunner" name="runScenario" time="7.635"/>
  <testcase classname="testrunners.TestRunner" name="runScenario" time="10.367"/>
  <testcase classname="testrunners.TestRunner" name="runScenario" time="15.463"/>
  <testcase classname="testrunners.TestRunner" name="runScenario" time="12.844"/>
  <testcase classname="testrunners.TestRunner" name="runScenario" time="11.120"/>
  <testcase classname="testrunners.TestRunner" name="runScenario" time="12.715"/>
  <testcase classname="testrunners.TestRunner" name="runScenario" time="13.681"/>
  <testcase classname="testrunners.TestRunner" name="runScenario" time="15.109"/>
  <testcase classname="testrunners.TestRunner" name="runScenario" time="12.052"/>
  <testcase classname="testrunners.TestRunner" name="runScenario" time="9.963"/>
  <testcase classname="testrunners.TestRunner" name="runScenario" time="13.909"/>
  <testcase classname="testrunners.TestRunner" name="runScenario" time="13.478"/>
  <testcase classname="testrunners.TestRunner" name="runScenario" time="21.890"/>
  <testcase classname="testrunners.TestRunner" name="runScenario" time="6.570"/>
  <testcase classname="testrunners.TestRunner" name="runScenario" time="12.720"/>
  <testcase classname="testrunners.TestRunner" name="runScenario" time="12.897"/>
  <testcase classname="testrunners.TestRunner" name="runScenario" time="10.239"/>
  <testcase classname="testrunners.TestRunner" name="runScenario" time="12.500"/>
  <testcase classname="testrunners.TestRunner" name="runScenario" time="8.440"/>
  <testcase classname="testrunners.TestRunner" name="runScenario" time="11.802"/>
  <testcase classname="testrunners.TestRunner" name="runScenario" time="14.351"/>
  <testcase classname="testrunners.TestRunner" name="runScenario" time="14.334"/>
  <testcase classname="testrunners.TestRunner" name="runScenario" time="11.499"/>
  <testcase classname="testrunners.TestRunner" name="runScenario" time="11.895"/>
  <testcase classname="testrunners.TestRunner" name="runScenario" time="16.631"/>
  <testcase classname="testrunners.TestRunner" name="runScenario" time="13.278"/>
  <testcase classname="testrunners.TestRunner" name="runScenario" time="10.821"/>
  <testcase classname="testrunners.TestRunner" name="runScenario" time="13.030"/>
  <testcase classname="testrunners.TestRunner" name="runScenario" time="18.122"/>
  <testcase classname="testrunners.TestRunner" name="runScenario" time="9.564"/>
  <testcase classname="testrunners.TestRunner" name="runScenario" time="12.409"/>
  <testcase classname="testrunners.TestRunner" name="runScenario" time="9.692"/>
  <testcase classname="testrunners.TestRunner" name="runScenario" time="6.635"/>
  <testcase classname="testrunners.TestRunner" name="runScenario" time="11.606"/>
  <testcase classname="testrunners.TestRunner" name="runScenario" time="11.593"/>
  <testcase classname="testrunners.TestRunner" name="runScenario" time="6.976"/>
  <testcase classname="testrunners.TestRunner" name="runScenario" time="9.743"/>
  <testcase classname="testrunners.TestRunner" name="runScenario" time="13.340"/>
  <testcase classname="testrunners.TestRunner" name="runScenario" time="12.018"/>
  <testcase classname="testrunners.TestRunner" name="runScenario" time="12.713"/>
  <testcase classname="testrunners.TestRunner" name="runScenario" time="12.810"/>
  <testcase classname="testrunners.TestRunner" name="runScenario" time="11.501"/>
  <testcase classname="testrunners.TestRunner" name="runScenario" time="12.285"/>
  <testcase classname="testrunners.TestRunner" name="runScenario" time="12.877"/>
  <testcase classname="testrunners.TestRunner" name="runScenario" time="10.060"/>
  <testcase classname="testrunners.TestRunner" name="runScenario" time="12.264"/>
  <testcase classname="testrunners.TestRunner" name="runScenario" time="11.535"/>
  <testcase classname="testrunners.TestRunner" name="runScenario" time="7.982"/>
  <testcase classname="testrunners.TestRunner" name="runScenario" time="12.831"/>
  <testcase classname="testrunners.TestRunner" name="runScenario" time="9.829"/>
  <testcase classname="testrunners.TestRunner" name="runScenario" time="12.199"/>
  <testcase classname="testrunners.TestRunner" name="runScenario" time="11.689"/>
  <testcase classname="testrunners.TestRunner" name="runScenario" time="12.448"/>
  <testcase classname="testrunners.TestRunner" name="runScenario" time="12.850"/>
  <testcase classname="testrunners.TestRunner" name="runScenario" time="10.872"/>
  <testcase classname="testrunners.TestRunner" name="runScenario" time="12.320"/>
  <testcase classname="testrunners.TestRunner" name="runScenario" time="10.422"/>
  <testcase classname="testrunners.TestRunner" name="runScenario" time="11.940"/>
  <testcase classname="testrunners.TestRunner" name="runScenario" time="11.962"/>
  <testcase classname="testrunners.TestRunner" name="runScenario" time="12.508"/>
  <testcase classname="testrunners.TestRunner" name="runScenario" time="10.539"/>
  <testcase classname="testrunners.TestRunner" name="runScenario" time="11.971"/>
  <testcase classname="testrunners.TestRunner" name="runScenario" time="14.595"/>
  <testcase classname="testrunners.TestRunner" name="runScenario" time="13.871"/>
  <testcase classname="testrunners.TestRunner" name="runScenario" time="10.732"/>
  <testcase classname="testrunners.TestRunner" name="runScenario" time="9.942"/>
  <testcase classname="testrunners.TestRunner" name="runScenario" time="12.821"/>
  <testcase classname="testrunners.TestRunner" name="runScenario" time="12.932"/>
  <testcase classname="testrunners.TestRunner" name="runScenario" time="12.291"/>
  <testcase classname="testrunners.TestRunner" name="runScenario" time="9.625"/>
  <testcase classname="testrunners.TestRunner" name="runScenario" time="10.168"/>
  <testcase classname="testrunners.TestRunner" name="runScenario" time="12.741"/>
  <testcase classname="testrunners.TestRunner" name="runScenario" time="5.205"/>
  <testcase classname="testrunners.TestRunner" name="runScenario" time="12.826"/>
  <testcase classname="testrunners.TestRunner" name="runScenario" time="14.124"/>
  <testcase classname="testrunners.TestRunner" name="runScenario" time="8.527"/>
  <testcase classname="testrunners.TestRunner" name="runScenario" time="17.075"/>
  <testcase classname="testrunners.TestRunner" name="runScenario" time="11.654"/>
  <testcase classname="testrunners.TestRunner" name="runScenario" time="15.146"/>
  <testcase classname="testrunners.TestRunner" name="runScenario" time="10.062"/>
  <testcase classname="testrunners.TestRunner" name="runScenario" time="10.557"/>
  <testcase classname="testrunners.TestRunner" name="runScenario" time="10.626"/>
  <testcase classname="testrunners.TestRunner" name="runScenario" time="12.559"/>
  <testcase classname="testrunners.TestRunner" name="runScenario" time="7.075"/>
  <testcase classname="testrunners.TestRunner" name="runScenario" time="13.023">
    <failure message="expected [0] but found [1]" type="java.lang.AssertionError">
      <![CDATA[java.lang.AssertionError: expected [0] but found [1]
at org.testng.Assert.fail(Assert.java:96)
at org.testng.Assert.failNotEquals(Assert.java:776)
at org.testng.Assert.assertEqualsImpl(Assert.java:137)
at org.testng.Assert.assertEquals(Assert.java:118)
at org.testng.Assert.assertEquals(Assert.java:453)
at org.testng.Assert.assertEquals(Assert.java:463)
at stepdefinitions.TasksSteps.user_should_be_able_to_see_users_today_task_at_my_task_tab(TasksSteps.java:410)
at ✽.user should be able to see users today task count at My task tab"0"(file:///E:/Rahul%20Bhalla%20CIS/OntrackProjectBDD/OnTrack_BDD/src/test/resources/com/features/Tasks.feature:249)
]]>
    </failure>
  </testcase> <!-- runScenario -->
  <testcase classname="testrunners.TestRunner" name="runScenario" time="13.294"/>
  <testcase classname="testrunners.TestRunner" name="runScenario" time="10.911"/>
  <testcase classname="testrunners.TestRunner" name="runScenario" time="6.350"/>
  <testcase classname="testrunners.TestRunner" name="runScenario" time="9.696"/>
  <testcase classname="testrunners.TestRunner" name="runScenario" time="13.072"/>
  <testcase classname="testrunners.TestRunner" name="runScenario" time="6.419"/>
  <testcase classname="testrunners.TestRunner" name="runScenario" time="7.800"/>
  <testcase classname="testrunners.TestRunner" name="runScenario" time="13.201"/>
  <testcase classname="testrunners.TestRunner" name="runScenario" time="11.355"/>
  <testcase classname="testrunners.TestRunner" name="runScenario" time="10.184"/>
  <testcase classname="testrunners.TestRunner" name="runScenario" time="11.019"/>
  <testcase classname="testrunners.TestRunner" name="runScenario" time="17.992"/>
  <testcase classname="testrunners.TestRunner" name="runScenario" time="13.368"/>
  <testcase classname="testrunners.TestRunner" name="runScenario" time="10.960"/>
  <testcase classname="testrunners.TestRunner" name="runScenario" time="11.385"/>
  <testcase classname="testrunners.TestRunner" name="runScenario" time="11.732"/>
  <testcase classname="testrunners.TestRunner" name="runScenario" time="11.688"/>
  <testcase classname="testrunners.TestRunner" name="runScenario" time="11.704"/>
  <testcase classname="testrunners.TestRunner" name="runScenario" time="12.704"/>
  <testcase classname="testrunners.TestRunner" name="runScenario" time="10.788"/>
  <testcase classname="testrunners.TestRunner" name="runScenario" time="17.549"/>
  <testcase classname="testrunners.TestRunner" name="runScenario" time="10.665"/>
  <testcase classname="testrunners.TestRunner" name="runScenario" time="7.425"/>
  <testcase classname="testrunners.TestRunner" name="runScenario" time="11.821"/>
  <testcase classname="testrunners.TestRunner" name="runScenario" time="16.607"/>
  <testcase classname="testrunners.TestRunner" name="runScenario" time="8.798"/>
  <testcase classname="testrunners.TestRunner" name="runScenario" time="11.074"/>
  <testcase classname="testrunners.TestRunner" name="runScenario" time="9.206"/>
  <testcase classname="testrunners.TestRunner" name="runScenario" time="9.693"/>
  <testcase classname="testrunners.TestRunner" name="runScenario" time="11.056"/>
  <testcase classname="testrunners.TestRunner" name="runScenario" time="9.228"/>
  <testcase classname="testrunners.TestRunner" name="runScenario" time="10.964"/>
  <testcase classname="testrunners.TestRunner" name="runScenario" time="13.751"/>
  <testcase classname="testrunners.TestRunner" name="runScenario" time="12.828"/>
  <testcase classname="testrunners.TestRunner" name="runScenario" time="9.318"/>
  <testcase classname="testrunners.TestRunner" name="runScenario" time="9.488"/>
  <testcase classname="testrunners.TestRunner" name="runScenario" time="14.358"/>
  <testcase classname="testrunners.TestRunner" name="runScenario" time="11.982"/>
  <testcase classname="testrunners.TestRunner" name="runScenario" time="10.699"/>
  <testcase classname="testrunners.TestRunner" name="runScenario" time="6.742"/>
  <testcase classname="testrunners.TestRunner" name="runScenario" time="13.370"/>
  <testcase classname="testrunners.TestRunner" name="runScenario" time="10.253"/>
  <testcase classname="testrunners.TestRunner" name="runScenario" time="13.935"/>
  <testcase classname="testrunners.TestRunner" name="runScenario" time="9.684"/>
  <testcase classname="testrunners.TestRunner" name="runScenario" time="8.078"/>
  <testcase classname="testrunners.TestRunner" name="runScenario" time="8.092"/>
  <testcase classname="testrunners.TestRunner" name="runScenario" time="9.151"/>
  <testcase classname="testrunners.TestRunner" name="runScenario" time="14.040"/>
  <testcase classname="testrunners.TestRunner" name="runScenario" time="12.422"/>
  <testcase classname="testrunners.TestRunner" name="runScenario" time="8.586"/>
  <testcase classname="testrunners.TestRunner" name="runScenario" time="13.081"/>
  <testcase classname="testrunners.TestRunner" name="runScenario" time="12.675"/>
  <testcase classname="testrunners.TestRunner" name="runScenario" time="9.392"/>
  <testcase classname="testrunners.TestRunner" name="runScenario" time="10.731"/>
  <testcase classname="testrunners.TestRunner" name="runScenario" time="11.725"/>
  <testcase classname="testrunners.TestRunner" name="runScenario" time="12.625"/>
  <testcase classname="testrunners.TestRunner" name="runScenario" time="11.927"/>
  <testcase classname="testrunners.TestRunner" name="runScenario" time="11.560"/>
  <testcase classname="testrunners.TestRunner" name="runScenario" time="10.358"/>
  <testcase classname="testrunners.TestRunner" name="runScenario" time="10.090"/>
  <testcase classname="testrunners.TestRunner" name="runScenario" time="8.898"/>
  <testcase classname="testrunners.TestRunner" name="runScenario" time="14.929"/>
  <testcase classname="testrunners.TestRunner" name="runScenario" time="7.520"/>
  <testcase classname="testrunners.TestRunner" name="runScenario" time="10.657"/>
  <testcase classname="testrunners.TestRunner" name="runScenario" time="13.815"/>
  <testcase classname="testrunners.TestRunner" name="runScenario" time="9.403"/>
  <testcase classname="testrunners.TestRunner" name="runScenario" time="11.762"/>
  <testcase classname="testrunners.TestRunner" name="runScenario" time="22.651"/>
  <testcase classname="testrunners.TestRunner" name="runScenario" time="8.225"/>
  <testcase classname="testrunners.TestRunner" name="runScenario" time="9.461"/>
  <testcase classname="testrunners.TestRunner" name="runScenario" time="16.391"/>
  <testcase classname="testrunners.TestRunner" name="runScenario" time="13.774"/>
  <testcase classname="testrunners.TestRunner" name="runScenario" time="10.644"/>
  <testcase classname="testrunners.TestRunner" name="runScenario" time="6.199"/>
  <testcase classname="testrunners.TestRunner" name="runScenario" time="6.922"/>
  <testcase classname="testrunners.TestRunner" name="runScenario" time="12.767"/>
  <testcase classname="testrunners.TestRunner" name="runScenario" time="12.168"/>
  <testcase classname="testrunners.TestRunner" name="runScenario" time="14.450"/>
  <testcase classname="testrunners.TestRunner" name="runScenario" time="14.607"/>
  <testcase classname="testrunners.TestRunner" name="runScenario" time="11.510"/>
  <testcase classname="testrunners.TestRunner" name="runScenario" time="12.253"/>
  <testcase classname="testrunners.TestRunner" name="runScenario" time="8.144"/>
  <testcase classname="testrunners.TestRunner" name="runScenario" time="10.923"/>
  <testcase classname="testrunners.TestRunner" name="runScenario" time="10.717"/>
  <testcase classname="testrunners.TestRunner" name="runScenario" time="7.526"/>
  <testcase classname="testrunners.TestRunner" name="runScenario" time="15.554"/>
  <testcase classname="testrunners.TestRunner" name="runScenario" time="15.144"/>
  <testcase classname="testrunners.TestRunner" name="runScenario" time="11.256"/>
  <testcase classname="testrunners.TestRunner" name="runScenario" time="10.029"/>
  <testcase classname="testrunners.TestRunner" name="runScenario" time="12.654"/>
  <testcase classname="testrunners.TestRunner" name="runScenario" time="10.913"/>
  <testcase classname="testrunners.TestRunner" name="runScenario" time="8.178"/>
  <testcase classname="testrunners.TestRunner" name="runScenario" time="14.496"/>
  <testcase classname="testrunners.TestRunner" name="runScenario" time="20.553"/>
  <testcase classname="testrunners.TestRunner" name="runScenario" time="15.122"/>
  <testcase classname="testrunners.TestRunner" name="runScenario" time="11.130"/>
  <testcase classname="testrunners.TestRunner" name="runScenario" time="14.401"/>
  <testcase classname="testrunners.TestRunner" name="runScenario" time="11.186"/>
  <testcase classname="testrunners.TestRunner" name="runScenario" time="21.034"/>
  <testcase classname="testrunners.TestRunner" name="runScenario" time="14.038"/>
  <testcase classname="testrunners.TestRunner" name="runScenario" time="7.337"/>
  <testcase classname="testrunners.TestRunner" name="runScenario" time="11.093"/>
  <testcase classname="testrunners.TestRunner" name="runScenario" time="11.879"/>
  <testcase classname="testrunners.TestRunner" name="runScenario" time="13.455"/>
  <testcase classname="testrunners.TestRunner" name="runScenario" time="14.957"/>
  <testcase classname="testrunners.TestRunner" name="runScenario" time="6.695"/>
  <testcase classname="testrunners.TestRunner" name="runScenario" time="11.433"/>
  <testcase classname="testrunners.TestRunner" name="runScenario" time="11.005"/>
  <testcase classname="testrunners.TestRunner" name="runScenario" time="6.394"/>
  <testcase classname="testrunners.TestRunner" name="runScenario" time="13.624"/>
  <testcase classname="testrunners.TestRunner" name="runScenario" time="12.824"/>
  <testcase classname="testrunners.TestRunner" name="runScenario" time="9.318"/>
  <testcase classname="testrunners.TestRunner" name="runScenario" time="11.372"/>
  <testcase classname="testrunners.TestRunner" name="runScenario" time="10.683"/>
  <testcase classname="testrunners.TestRunner" name="runScenario" time="15.378"/>
  <testcase classname="testrunners.TestRunner" name="runScenario" time="14.828"/>
  <testcase classname="testrunners.TestRunner" name="runScenario" time="13.719"/>
  <testcase classname="testrunners.TestRunner" name="runScenario" time="18.748"/>
  <testcase classname="testrunners.TestRunner" name="runScenario" time="11.965"/>
  <testcase classname="testrunners.TestRunner" name="runScenario" time="6.489"/>
  <testcase classname="testrunners.TestRunner" name="runScenario" time="11.562"/>
  <testcase classname="testrunners.TestRunner" name="runScenario" time="16.380"/>
  <testcase classname="testrunners.TestRunner" name="runScenario" time="12.813"/>
</testsuite> <!-- testrunners.TestRunner -->
