<?xml version="1.0" encoding="UTF-8"?>
<!-- Generated by org.testng.reporters.JUnitReportReporter -->
<testsuite hostname="CISM-I-330" failures="0" tests="315" name="testrunners.TestRunner" time="3962.817" errors="1" timestamp="28 Feb 2024 14:35:53 GMT" skipped="0">
  <testcase classname="testrunners.TestRunner" name="runScenario" time="17.610"/>
  <testcase classname="testrunners.TestRunner" name="runScenario" time="11.441"/>
  <testcase classname="testrunners.TestRunner" name="runScenario" time="10.248"/>
  <testcase classname="testrunners.TestRunner" name="runScenario" time="12.208"/>
  <testcase classname="testrunners.TestRunner" name="runScenario" time="8.295"/>
  <testcase classname="testrunners.TestRunner" name="runScenario" time="10.190"/>
  <testcase classname="testrunners.TestRunner" name="runScenario" time="10.080"/>
  <testcase classname="testrunners.TestRunner" name="runScenario" time="13.187"/>
  <testcase classname="testrunners.TestRunner" name="runScenario" time="11.394"/>
  <testcase classname="testrunners.TestRunner" name="runScenario" time="10.217"/>
  <testcase classname="testrunners.TestRunner" name="runScenario" time="11.951"/>
  <testcase classname="testrunners.TestRunner" name="runScenario" time="11.227"/>
  <testcase classname="testrunners.TestRunner" name="runScenario" time="7.754"/>
  <testcase classname="testrunners.TestRunner" name="runScenario" time="16.752"/>
  <testcase classname="testrunners.TestRunner" name="runScenario" time="11.188"/>
  <testcase classname="testrunners.TestRunner" name="runScenario" time="9.844"/>
  <testcase classname="testrunners.TestRunner" name="runScenario" time="11.363"/>
  <testcase classname="testrunners.TestRunner" name="runScenario" time="10.269"/>
  <testcase classname="testrunners.TestRunner" name="runScenario" time="38.040">
    <error message="no such element: Unable to locate element: {&quot;method&quot;:&quot;xpath&quot;,&quot;selector&quot;:&quot;//td[contains(text(),&#039;Auto Admin&#039;)]&quot;}
  (Session info: chrome=122.0.6261.95)
For documentation on this error, please visit: https://www.selenium.dev/documentation/webdriver/troubleshooting/errors#no-such-element-exception
Build info: version: &#039;4.17.0&#039;, revision: &#039;e52b1be057*&#039;
System info: os.name: &#039;Windows 10&#039;, os.arch: &#039;amd64&#039;, os.version: &#039;10.0&#039;, java.version: &#039;17.0.9&#039;
Driver info: org.openqa.selenium.chrome.ChromeDriver
Command: [66c9ae89c89f676adc688179bcb8be4c, findElement {using=xpath, value=//td[contains(text(),&#039;Auto Admin&#039;)]}]
Capabilities {acceptInsecureCerts: false, browserName: chrome, browserVersion: 122.0.6261.95, chrome: {chromedriverVersion: 122.0.6261.94 (880dbf29479c..., userDataDir: C:\Users\cis\AppData\Local\...}, fedcm:accounts: true, goog:chromeOptions: {debuggerAddress: localhost:50586}, networkConnectionEnabled: false, pageLoadStrategy: normal, platformName: windows, proxy: Proxy(), se:cdp: ws://localhost:50586/devtoo..., se:cdpVersion: 122.0.6261.95, setWindowRect: true, strictFileInteractability: false, timeouts: {implicit: 0, pageLoad: 300000, script: 30000}, unhandledPromptBehavior: dismiss and notify, webauthn:extension:credBlob: true, webauthn:extension:largeBlob: true, webauthn:extension:minPinLength: true, webauthn:extension:prf: true, webauthn:virtualAuthenticators: true}
Session ID: 66c9ae89c89f676adc688179bcb8be4c" type="org.openqa.selenium.NoSuchElementException">
      <![CDATA[org.openqa.selenium.NoSuchElementException: no such element: Unable to locate element: {"method":"xpath","selector":"//td[contains(text(),'Auto Admin')]"}
  (Session info: chrome=122.0.6261.95)
For documentation on this error, please visit: https://www.selenium.dev/documentation/webdriver/troubleshooting/errors#no-such-element-exception
Build info: version: '4.17.0', revision: 'e52b1be057*'
System info: os.name: 'Windows 10', os.arch: 'amd64', os.version: '10.0', java.version: '17.0.9'
Driver info: org.openqa.selenium.chrome.ChromeDriver
Command: [66c9ae89c89f676adc688179bcb8be4c, findElement {using=xpath, value=//td[contains(text(),'Auto Admin')]}]
Capabilities {acceptInsecureCerts: false, browserName: chrome, browserVersion: 122.0.6261.95, chrome: {chromedriverVersion: 122.0.6261.94 (880dbf29479c..., userDataDir: C:\Users\cis\AppData\Local\...}, fedcm:accounts: true, goog:chromeOptions: {debuggerAddress: localhost:50586}, networkConnectionEnabled: false, pageLoadStrategy: normal, platformName: windows, proxy: Proxy(), se:cdp: ws://localhost:50586/devtoo..., se:cdpVersion: 122.0.6261.95, setWindowRect: true, strictFileInteractability: false, timeouts: {implicit: 0, pageLoad: 300000, script: 30000}, unhandledPromptBehavior: dismiss and notify, webauthn:extension:credBlob: true, webauthn:extension:largeBlob: true, webauthn:extension:minPinLength: true, webauthn:extension:prf: true, webauthn:virtualAuthenticators: true}
Session ID: 66c9ae89c89f676adc688179bcb8be4c
at java.base/jdk.internal.reflect.NativeConstructorAccessorImpl.newInstance0(Native Method)
at java.base/jdk.internal.reflect.NativeConstructorAccessorImpl.newInstance(NativeConstructorAccessorImpl.java:77)
at java.base/jdk.internal.reflect.DelegatingConstructorAccessorImpl.newInstance(DelegatingConstructorAccessorImpl.java:45)
at java.base/java.lang.reflect.Constructor.newInstanceWithCaller(Constructor.java:499)
at java.base/java.lang.reflect.Constructor.newInstance(Constructor.java:480)
at org.openqa.selenium.remote.codec.w3c.W3CHttpResponseCodec.createException(W3CHttpResponseCodec.java:185)
at org.openqa.selenium.remote.codec.w3c.W3CHttpResponseCodec.decode(W3CHttpResponseCodec.java:134)
at org.openqa.selenium.remote.codec.w3c.W3CHttpResponseCodec.decode(W3CHttpResponseCodec.java:51)
at org.openqa.selenium.remote.HttpCommandExecutor.execute(HttpCommandExecutor.java:190)
at org.openqa.selenium.remote.service.DriverCommandExecutor.invokeExecute(DriverCommandExecutor.java:216)
at org.openqa.selenium.remote.service.DriverCommandExecutor.execute(DriverCommandExecutor.java:174)
at org.openqa.selenium.remote.RemoteWebDriver.execute(RemoteWebDriver.java:519)
at org.openqa.selenium.remote.ElementLocation$ElementFinder$2.findElement(ElementLocation.java:165)
at org.openqa.selenium.remote.ElementLocation.findElement(ElementLocation.java:59)
at org.openqa.selenium.remote.RemoteWebDriver.findElement(RemoteWebDriver.java:356)
at org.openqa.selenium.remote.RemoteWebDriver.findElement(RemoteWebDriver.java:350)
at com.pages.SettingsPage.getStaffTitleStatus(SettingsPage.java:140)
at stepdefinitions.SettingsSteps.user_should_be_able_to_see_staff_title_in_the_staff_title_widget(SettingsSteps.java:115)
at ✽.user should be able to see staff title in the staff title widget"Auto Admin"(file:///E:/Rahul%20Bhalla%20CIS/OntrackProjectBDD/OnTrack_BDD/src/test/resources/com/features/Settings.feature:66)
]]>
    </error>
  </testcase> <!-- runScenario -->
  <testcase classname="testrunners.TestRunner" name="runScenario" time="6.843"/>
  <testcase classname="testrunners.TestRunner" name="runScenario" time="13.304"/>
  <testcase classname="testrunners.TestRunner" name="runScenario" time="9.744"/>
  <testcase classname="testrunners.TestRunner" name="runScenario" time="13.273"/>
  <testcase classname="testrunners.TestRunner" name="runScenario" time="13.844"/>
  <testcase classname="testrunners.TestRunner" name="runScenario" time="10.130"/>
  <testcase classname="testrunners.TestRunner" name="runScenario" time="23.730"/>
  <testcase classname="testrunners.TestRunner" name="runScenario" time="11.151"/>
  <testcase classname="testrunners.TestRunner" name="runScenario" time="8.272"/>
  <testcase classname="testrunners.TestRunner" name="runScenario" time="11.076"/>
  <testcase classname="testrunners.TestRunner" name="runScenario" time="22.782"/>
  <testcase classname="testrunners.TestRunner" name="runScenario" time="6.375"/>
  <testcase classname="testrunners.TestRunner" name="runScenario" time="14.603"/>
  <testcase classname="testrunners.TestRunner" name="runScenario" time="12.182"/>
  <testcase classname="testrunners.TestRunner" name="runScenario" time="12.171"/>
  <testcase classname="testrunners.TestRunner" name="runScenario" time="16.925"/>
  <testcase classname="testrunners.TestRunner" name="runScenario" time="17.728"/>
  <testcase classname="testrunners.TestRunner" name="runScenario" time="11.285"/>
  <testcase classname="testrunners.TestRunner" name="runScenario" time="10.103"/>
  <testcase classname="testrunners.TestRunner" name="runScenario" time="12.147"/>
  <testcase classname="testrunners.TestRunner" name="runScenario" time="18.080"/>
  <testcase classname="testrunners.TestRunner" name="runScenario" time="13.716"/>
  <testcase classname="testrunners.TestRunner" name="runScenario" time="11.109"/>
  <testcase classname="testrunners.TestRunner" name="runScenario" time="6.007"/>
  <testcase classname="testrunners.TestRunner" name="runScenario" time="11.159"/>
  <testcase classname="testrunners.TestRunner" name="runScenario" time="13.279"/>
  <testcase classname="testrunners.TestRunner" name="runScenario" time="13.398"/>
  <testcase classname="testrunners.TestRunner" name="runScenario" time="10.109"/>
  <testcase classname="testrunners.TestRunner" name="runScenario" time="6.289"/>
  <testcase classname="testrunners.TestRunner" name="runScenario" time="11.833"/>
  <testcase classname="testrunners.TestRunner" name="runScenario" time="11.651"/>
  <testcase classname="testrunners.TestRunner" name="runScenario" time="13.784"/>
  <testcase classname="testrunners.TestRunner" name="runScenario" time="8.715"/>
  <testcase classname="testrunners.TestRunner" name="runScenario" time="11.556"/>
  <testcase classname="testrunners.TestRunner" name="runScenario" time="12.860"/>
  <testcase classname="testrunners.TestRunner" name="runScenario" time="19.473"/>
  <testcase classname="testrunners.TestRunner" name="runScenario" time="15.507"/>
  <testcase classname="testrunners.TestRunner" name="runScenario" time="12.561"/>
  <testcase classname="testrunners.TestRunner" name="runScenario" time="7.104"/>
  <testcase classname="testrunners.TestRunner" name="runScenario" time="13.245"/>
  <testcase classname="testrunners.TestRunner" name="runScenario" time="12.259"/>
  <testcase classname="testrunners.TestRunner" name="runScenario" time="23.689"/>
  <testcase classname="testrunners.TestRunner" name="runScenario" time="17.260"/>
  <testcase classname="testrunners.TestRunner" name="runScenario" time="16.932"/>
  <testcase classname="testrunners.TestRunner" name="runScenario" time="11.127"/>
  <testcase classname="testrunners.TestRunner" name="runScenario" time="12.886"/>
  <testcase classname="testrunners.TestRunner" name="runScenario" time="12.141"/>
  <testcase classname="testrunners.TestRunner" name="runScenario" time="14.473"/>
  <testcase classname="testrunners.TestRunner" name="runScenario" time="15.138"/>
  <testcase classname="testrunners.TestRunner" name="runScenario" time="6.433"/>
  <testcase classname="testrunners.TestRunner" name="runScenario" time="13.622"/>
  <testcase classname="testrunners.TestRunner" name="runScenario" time="17.224"/>
  <testcase classname="testrunners.TestRunner" name="runScenario" time="10.461"/>
  <testcase classname="testrunners.TestRunner" name="runScenario" time="13.666"/>
  <testcase classname="testrunners.TestRunner" name="runScenario" time="10.798"/>
  <testcase classname="testrunners.TestRunner" name="runScenario" time="16.117"/>
  <testcase classname="testrunners.TestRunner" name="runScenario" time="14.703"/>
  <testcase classname="testrunners.TestRunner" name="runScenario" time="13.200"/>
  <testcase classname="testrunners.TestRunner" name="runScenario" time="14.562"/>
  <testcase classname="testrunners.TestRunner" name="runScenario" time="8.887"/>
  <testcase classname="testrunners.TestRunner" name="runScenario" time="9.659"/>
  <testcase classname="testrunners.TestRunner" name="runScenario" time="10.378"/>
  <testcase classname="testrunners.TestRunner" name="runScenario" time="10.955"/>
  <testcase classname="testrunners.TestRunner" name="runScenario" time="9.229"/>
  <testcase classname="testrunners.TestRunner" name="runScenario" time="6.406"/>
  <testcase classname="testrunners.TestRunner" name="runScenario" time="10.890"/>
  <testcase classname="testrunners.TestRunner" name="runScenario" time="14.045"/>
  <testcase classname="testrunners.TestRunner" name="runScenario" time="11.347"/>
  <testcase classname="testrunners.TestRunner" name="runScenario" time="11.334"/>
  <testcase classname="testrunners.TestRunner" name="runScenario" time="12.363"/>
  <testcase classname="testrunners.TestRunner" name="runScenario" time="12.669"/>
  <testcase classname="testrunners.TestRunner" name="runScenario" time="11.460"/>
  <testcase classname="testrunners.TestRunner" name="runScenario" time="11.082"/>
  <testcase classname="testrunners.TestRunner" name="runScenario" time="19.545"/>
  <testcase classname="testrunners.TestRunner" name="runScenario" time="10.580"/>
  <testcase classname="testrunners.TestRunner" name="runScenario" time="11.990"/>
  <testcase classname="testrunners.TestRunner" name="runScenario" time="11.357"/>
  <testcase classname="testrunners.TestRunner" name="runScenario" time="10.705"/>
  <testcase classname="testrunners.TestRunner" name="runScenario" time="11.616"/>
  <testcase classname="testrunners.TestRunner" name="runScenario" time="14.322"/>
  <testcase classname="testrunners.TestRunner" name="runScenario" time="19.575"/>
  <testcase classname="testrunners.TestRunner" name="runScenario" time="8.420"/>
  <testcase classname="testrunners.TestRunner" name="runScenario" time="12.332"/>
  <testcase classname="testrunners.TestRunner" name="runScenario" time="15.616"/>
  <testcase classname="testrunners.TestRunner" name="runScenario" time="14.156"/>
  <testcase classname="testrunners.TestRunner" name="runScenario" time="8.309"/>
  <testcase classname="testrunners.TestRunner" name="runScenario" time="7.140"/>
  <testcase classname="testrunners.TestRunner" name="runScenario" time="15.738"/>
  <testcase classname="testrunners.TestRunner" name="runScenario" time="18.329"/>
  <testcase classname="testrunners.TestRunner" name="runScenario" time="11.333"/>
  <testcase classname="testrunners.TestRunner" name="runScenario" time="8.738"/>
  <testcase classname="testrunners.TestRunner" name="runScenario" time="14.930"/>
  <testcase classname="testrunners.TestRunner" name="runScenario" time="9.448"/>
  <testcase classname="testrunners.TestRunner" name="runScenario" time="11.223"/>
  <testcase classname="testrunners.TestRunner" name="runScenario" time="6.924"/>
  <testcase classname="testrunners.TestRunner" name="runScenario" time="11.597"/>
  <testcase classname="testrunners.TestRunner" name="runScenario" time="12.007"/>
  <testcase classname="testrunners.TestRunner" name="runScenario" time="12.202"/>
  <testcase classname="testrunners.TestRunner" name="runScenario" time="13.212"/>
  <testcase classname="testrunners.TestRunner" name="runScenario" time="14.787"/>
  <testcase classname="testrunners.TestRunner" name="runScenario" time="15.640"/>
  <testcase classname="testrunners.TestRunner" name="runScenario" time="13.128"/>
  <testcase classname="testrunners.TestRunner" name="runScenario" time="17.677"/>
  <testcase classname="testrunners.TestRunner" name="runScenario" time="6.399"/>
  <testcase classname="testrunners.TestRunner" name="runScenario" time="15.835"/>
  <testcase classname="testrunners.TestRunner" name="runScenario" time="15.001"/>
  <testcase classname="testrunners.TestRunner" name="runScenario" time="13.343"/>
  <testcase classname="testrunners.TestRunner" name="runScenario" time="14.368"/>
  <testcase classname="testrunners.TestRunner" name="runScenario" time="15.044"/>
  <testcase classname="testrunners.TestRunner" name="runScenario" time="13.060"/>
  <testcase classname="testrunners.TestRunner" name="runScenario" time="15.615"/>
  <testcase classname="testrunners.TestRunner" name="runScenario" time="17.071"/>
  <testcase classname="testrunners.TestRunner" name="runScenario" time="7.974"/>
  <testcase classname="testrunners.TestRunner" name="runScenario" time="13.364"/>
  <testcase classname="testrunners.TestRunner" name="runScenario" time="10.325"/>
  <testcase classname="testrunners.TestRunner" name="runScenario" time="10.718"/>
  <testcase classname="testrunners.TestRunner" name="runScenario" time="13.304"/>
  <testcase classname="testrunners.TestRunner" name="runScenario" time="12.110"/>
  <testcase classname="testrunners.TestRunner" name="runScenario" time="11.448"/>
  <testcase classname="testrunners.TestRunner" name="runScenario" time="16.687"/>
  <testcase classname="testrunners.TestRunner" name="runScenario" time="17.433"/>
  <testcase classname="testrunners.TestRunner" name="runScenario" time="16.992"/>
  <testcase classname="testrunners.TestRunner" name="runScenario" time="8.086"/>
  <testcase classname="testrunners.TestRunner" name="runScenario" time="13.431"/>
  <testcase classname="testrunners.TestRunner" name="runScenario" time="13.701"/>
  <testcase classname="testrunners.TestRunner" name="runScenario" time="11.667"/>
  <testcase classname="testrunners.TestRunner" name="runScenario" time="14.178"/>
  <testcase classname="testrunners.TestRunner" name="runScenario" time="17.133"/>
  <testcase classname="testrunners.TestRunner" name="runScenario" time="16.921"/>
  <testcase classname="testrunners.TestRunner" name="runScenario" time="6.554"/>
  <testcase classname="testrunners.TestRunner" name="runScenario" time="12.081"/>
  <testcase classname="testrunners.TestRunner" name="runScenario" time="16.607"/>
  <testcase classname="testrunners.TestRunner" name="runScenario" time="14.708"/>
  <testcase classname="testrunners.TestRunner" name="runScenario" time="12.135"/>
  <testcase classname="testrunners.TestRunner" name="runScenario" time="7.795"/>
  <testcase classname="testrunners.TestRunner" name="runScenario" time="11.962"/>
  <testcase classname="testrunners.TestRunner" name="runScenario" time="13.867"/>
  <testcase classname="testrunners.TestRunner" name="runScenario" time="16.372"/>
  <testcase classname="testrunners.TestRunner" name="runScenario" time="13.042"/>
  <testcase classname="testrunners.TestRunner" name="runScenario" time="17.005"/>
  <testcase classname="testrunners.TestRunner" name="runScenario" time="7.941"/>
  <testcase classname="testrunners.TestRunner" name="runScenario" time="15.029"/>
  <testcase classname="testrunners.TestRunner" name="runScenario" time="17.719"/>
  <testcase classname="testrunners.TestRunner" name="runScenario" time="11.741"/>
  <testcase classname="testrunners.TestRunner" name="runScenario" time="11.933"/>
  <testcase classname="testrunners.TestRunner" name="runScenario" time="13.013"/>
  <testcase classname="testrunners.TestRunner" name="runScenario" time="15.104"/>
  <testcase classname="testrunners.TestRunner" name="runScenario" time="14.710"/>
  <testcase classname="testrunners.TestRunner" name="runScenario" time="7.315"/>
  <testcase classname="testrunners.TestRunner" name="runScenario" time="10.431"/>
  <testcase classname="testrunners.TestRunner" name="runScenario" time="10.602"/>
  <testcase classname="testrunners.TestRunner" name="runScenario" time="10.869"/>
  <testcase classname="testrunners.TestRunner" name="runScenario" time="12.568"/>
  <testcase classname="testrunners.TestRunner" name="runScenario" time="18.349"/>
  <testcase classname="testrunners.TestRunner" name="runScenario" time="15.336"/>
  <testcase classname="testrunners.TestRunner" name="runScenario" time="10.583"/>
  <testcase classname="testrunners.TestRunner" name="runScenario" time="10.434"/>
  <testcase classname="testrunners.TestRunner" name="runScenario" time="11.655"/>
  <testcase classname="testrunners.TestRunner" name="runScenario" time="10.306"/>
  <testcase classname="testrunners.TestRunner" name="runScenario" time="11.888"/>
  <testcase classname="testrunners.TestRunner" name="runScenario" time="8.171"/>
  <testcase classname="testrunners.TestRunner" name="runScenario" time="11.521"/>
  <testcase classname="testrunners.TestRunner" name="runScenario" time="10.282"/>
  <testcase classname="testrunners.TestRunner" name="runScenario" time="12.338"/>
  <testcase classname="testrunners.TestRunner" name="runScenario" time="21.798"/>
  <testcase classname="testrunners.TestRunner" name="runScenario" time="11.848"/>
  <testcase classname="testrunners.TestRunner" name="runScenario" time="10.105"/>
  <testcase classname="testrunners.TestRunner" name="runScenario" time="16.378"/>
  <testcase classname="testrunners.TestRunner" name="runScenario" time="13.325"/>
  <testcase classname="testrunners.TestRunner" name="runScenario" time="15.789"/>
  <testcase classname="testrunners.TestRunner" name="runScenario" time="16.530"/>
  <testcase classname="testrunners.TestRunner" name="runScenario" time="9.310"/>
  <testcase classname="testrunners.TestRunner" name="runScenario" time="13.174"/>
  <testcase classname="testrunners.TestRunner" name="runScenario" time="6.373"/>
  <testcase classname="testrunners.TestRunner" name="runScenario" time="11.635"/>
  <testcase classname="testrunners.TestRunner" name="runScenario" time="14.028"/>
  <testcase classname="testrunners.TestRunner" name="runScenario" time="12.737"/>
  <testcase classname="testrunners.TestRunner" name="runScenario" time="12.109"/>
  <testcase classname="testrunners.TestRunner" name="runScenario" time="12.850"/>
  <testcase classname="testrunners.TestRunner" name="runScenario" time="12.118"/>
  <testcase classname="testrunners.TestRunner" name="runScenario" time="11.505"/>
  <testcase classname="testrunners.TestRunner" name="runScenario" time="12.826"/>
  <testcase classname="testrunners.TestRunner" name="runScenario" time="10.004"/>
  <testcase classname="testrunners.TestRunner" name="runScenario" time="12.650"/>
  <testcase classname="testrunners.TestRunner" name="runScenario" time="13.204"/>
  <testcase classname="testrunners.TestRunner" name="runScenario" time="6.445"/>
  <testcase classname="testrunners.TestRunner" name="runScenario" time="12.953"/>
  <testcase classname="testrunners.TestRunner" name="runScenario" time="10.165"/>
  <testcase classname="testrunners.TestRunner" name="runScenario" time="12.568"/>
  <testcase classname="testrunners.TestRunner" name="runScenario" time="10.233"/>
  <testcase classname="testrunners.TestRunner" name="runScenario" time="12.019"/>
  <testcase classname="testrunners.TestRunner" name="runScenario" time="17.960"/>
  <testcase classname="testrunners.TestRunner" name="runScenario" time="13.361"/>
  <testcase classname="testrunners.TestRunner" name="runScenario" time="13.946"/>
  <testcase classname="testrunners.TestRunner" name="runScenario" time="18.565"/>
  <testcase classname="testrunners.TestRunner" name="runScenario" time="14.927"/>
  <testcase classname="testrunners.TestRunner" name="runScenario" time="13.285"/>
  <testcase classname="testrunners.TestRunner" name="runScenario" time="10.982"/>
  <testcase classname="testrunners.TestRunner" name="runScenario" time="17.711"/>
  <testcase classname="testrunners.TestRunner" name="runScenario" time="9.779"/>
  <testcase classname="testrunners.TestRunner" name="runScenario" time="10.906"/>
  <testcase classname="testrunners.TestRunner" name="runScenario" time="13.479"/>
  <testcase classname="testrunners.TestRunner" name="runScenario" time="11.440"/>
  <testcase classname="testrunners.TestRunner" name="runScenario" time="14.431"/>
  <testcase classname="testrunners.TestRunner" name="runScenario" time="14.636"/>
  <testcase classname="testrunners.TestRunner" name="runScenario" time="12.358"/>
  <testcase classname="testrunners.TestRunner" name="runScenario" time="8.509"/>
  <testcase classname="testrunners.TestRunner" name="runScenario" time="11.312"/>
  <testcase classname="testrunners.TestRunner" name="runScenario" time="17.254"/>
  <testcase classname="testrunners.TestRunner" name="runScenario" time="15.491"/>
  <testcase classname="testrunners.TestRunner" name="runScenario" time="11.738"/>
  <testcase classname="testrunners.TestRunner" name="runScenario" time="11.808"/>
  <testcase classname="testrunners.TestRunner" name="runScenario" time="9.258"/>
  <testcase classname="testrunners.TestRunner" name="runScenario" time="12.860"/>
  <testcase classname="testrunners.TestRunner" name="runScenario" time="10.226"/>
  <testcase classname="testrunners.TestRunner" name="runScenario" time="12.527"/>
  <testcase classname="testrunners.TestRunner" name="runScenario" time="13.067"/>
  <testcase classname="testrunners.TestRunner" name="runScenario" time="14.145"/>
  <testcase classname="testrunners.TestRunner" name="runScenario" time="13.650"/>
  <testcase classname="testrunners.TestRunner" name="runScenario" time="13.184"/>
  <testcase classname="testrunners.TestRunner" name="runScenario" time="7.100"/>
  <testcase classname="testrunners.TestRunner" name="runScenario" time="12.974"/>
  <testcase classname="testrunners.TestRunner" name="runScenario" time="12.447"/>
  <testcase classname="testrunners.TestRunner" name="runScenario" time="10.358"/>
  <testcase classname="testrunners.TestRunner" name="runScenario" time="12.563"/>
  <testcase classname="testrunners.TestRunner" name="runScenario" time="10.065"/>
  <testcase classname="testrunners.TestRunner" name="runScenario" time="11.268"/>
  <testcase classname="testrunners.TestRunner" name="runScenario" time="12.250"/>
  <testcase classname="testrunners.TestRunner" name="runScenario" time="9.949"/>
  <testcase classname="testrunners.TestRunner" name="runScenario" time="11.523"/>
  <testcase classname="testrunners.TestRunner" name="runScenario" time="8.342"/>
  <testcase classname="testrunners.TestRunner" name="runScenario" time="13.357"/>
  <testcase classname="testrunners.TestRunner" name="runScenario" time="12.518"/>
  <testcase classname="testrunners.TestRunner" name="runScenario" time="5.993"/>
  <testcase classname="testrunners.TestRunner" name="runScenario" time="17.285"/>
  <testcase classname="testrunners.TestRunner" name="runScenario" time="6.969"/>
  <testcase classname="testrunners.TestRunner" name="runScenario" time="7.081"/>
  <testcase classname="testrunners.TestRunner" name="runScenario" time="10.081"/>
  <testcase classname="testrunners.TestRunner" name="runScenario" time="10.541"/>
  <testcase classname="testrunners.TestRunner" name="runScenario" time="15.853"/>
  <testcase classname="testrunners.TestRunner" name="runScenario" time="12.929"/>
  <testcase classname="testrunners.TestRunner" name="runScenario" time="10.833"/>
  <testcase classname="testrunners.TestRunner" name="runScenario" time="14.391"/>
  <testcase classname="testrunners.TestRunner" name="runScenario" time="15.488"/>
  <testcase classname="testrunners.TestRunner" name="runScenario" time="10.044"/>
  <testcase classname="testrunners.TestRunner" name="runScenario" time="13.075"/>
  <testcase classname="testrunners.TestRunner" name="runScenario" time="9.498"/>
  <testcase classname="testrunners.TestRunner" name="runScenario" time="8.829"/>
  <testcase classname="testrunners.TestRunner" name="runScenario" time="11.684"/>
  <testcase classname="testrunners.TestRunner" name="runScenario" time="10.865"/>
  <testcase classname="testrunners.TestRunner" name="runScenario" time="12.083"/>
  <testcase classname="testrunners.TestRunner" name="runScenario" time="9.580"/>
  <testcase classname="testrunners.TestRunner" name="runScenario" time="11.823"/>
  <testcase classname="testrunners.TestRunner" name="runScenario" time="12.856"/>
  <testcase classname="testrunners.TestRunner" name="runScenario" time="9.046"/>
  <testcase classname="testrunners.TestRunner" name="runScenario" time="9.533"/>
  <testcase classname="testrunners.TestRunner" name="runScenario" time="13.010"/>
  <testcase classname="testrunners.TestRunner" name="runScenario" time="10.996"/>
  <testcase classname="testrunners.TestRunner" name="runScenario" time="14.175"/>
  <testcase classname="testrunners.TestRunner" name="runScenario" time="13.652"/>
  <testcase classname="testrunners.TestRunner" name="runScenario" time="12.792"/>
  <testcase classname="testrunners.TestRunner" name="runScenario" time="14.933"/>
  <testcase classname="testrunners.TestRunner" name="runScenario" time="15.055"/>
  <testcase classname="testrunners.TestRunner" name="runScenario" time="13.552"/>
  <testcase classname="testrunners.TestRunner" name="runScenario" time="12.801"/>
  <testcase classname="testrunners.TestRunner" name="runScenario" time="14.991"/>
  <testcase classname="testrunners.TestRunner" name="runScenario" time="13.597"/>
  <testcase classname="testrunners.TestRunner" name="runScenario" time="16.664"/>
  <testcase classname="testrunners.TestRunner" name="runScenario" time="12.569"/>
  <testcase classname="testrunners.TestRunner" name="runScenario" time="6.659"/>
  <testcase classname="testrunners.TestRunner" name="runScenario" time="12.976"/>
  <testcase classname="testrunners.TestRunner" name="runScenario" time="8.239"/>
  <testcase classname="testrunners.TestRunner" name="runScenario" time="13.685"/>
  <testcase classname="testrunners.TestRunner" name="runScenario" time="17.257"/>
  <testcase classname="testrunners.TestRunner" name="runScenario" time="16.260"/>
  <testcase classname="testrunners.TestRunner" name="runScenario" time="12.834"/>
  <testcase classname="testrunners.TestRunner" name="runScenario" time="12.041"/>
  <testcase classname="testrunners.TestRunner" name="runScenario" time="9.663"/>
  <testcase classname="testrunners.TestRunner" name="runScenario" time="14.461"/>
  <testcase classname="testrunners.TestRunner" name="runScenario" time="10.499"/>
  <testcase classname="testrunners.TestRunner" name="runScenario" time="22.103"/>
  <testcase classname="testrunners.TestRunner" name="runScenario" time="12.763"/>
  <testcase classname="testrunners.TestRunner" name="runScenario" time="17.578"/>
  <testcase classname="testrunners.TestRunner" name="runScenario" time="13.907"/>
  <testcase classname="testrunners.TestRunner" name="runScenario" time="13.984"/>
  <testcase classname="testrunners.TestRunner" name="runScenario" time="10.148"/>
  <testcase classname="testrunners.TestRunner" name="runScenario" time="9.520"/>
  <testcase classname="testrunners.TestRunner" name="runScenario" time="12.500"/>
  <testcase classname="testrunners.TestRunner" name="runScenario" time="11.896"/>
  <testcase classname="testrunners.TestRunner" name="runScenario" time="11.312"/>
  <testcase classname="testrunners.TestRunner" name="runScenario" time="11.551"/>
  <testcase classname="testrunners.TestRunner" name="runScenario" time="13.754"/>
  <testcase classname="testrunners.TestRunner" name="runScenario" time="10.738"/>
  <testcase classname="testrunners.TestRunner" name="runScenario" time="10.802"/>
  <testcase classname="testrunners.TestRunner" name="runScenario" time="10.702"/>
  <testcase classname="testrunners.TestRunner" name="runScenario" time="12.144"/>
</testsuite> <!-- testrunners.TestRunner -->
